0 info it worked if it ends with ok
1 verbose cli [ '/usr/local/bin/node', '/usr/local/bin/npm', 'publish' ]
2 info using npm@2.14.7
3 info using node@v4.2.1
4 verbose publish [ '.' ]
5 silly cache add args [ '.', null ]
6 verbose cache add spec .
7 silly cache add parsed spec Result {
7 silly cache add   raw: '.',
7 silly cache add   scope: null,
7 silly cache add   name: null,
7 silly cache add   rawSpec: '.',
7 silly cache add   spec: '/Users/kennis/Sites/map-memo',
7 silly cache add   type: 'directory' }
8 verbose addLocalDirectory /Users/kennis/.npm/map-memo/2.0.1/package.tgz not in flight; packing
9 verbose tar pack [ '/Users/kennis/.npm/map-memo/2.0.1/package.tgz',
9 verbose tar pack   '/Users/kennis/Sites/map-memo' ]
10 verbose tarball /Users/kennis/.npm/map-memo/2.0.1/package.tgz
11 verbose folder /Users/kennis/Sites/map-memo
12 info prepublish map-memo@2.0.1
13 verbose addLocalTarball adding from inside cache /Users/kennis/.npm/map-memo/2.0.1/package.tgz
14 silly cache afterAdd map-memo@2.0.1
15 verbose afterAdd /Users/kennis/.npm/map-memo/2.0.1/package/package.json not in flight; writing
16 verbose afterAdd /Users/kennis/.npm/map-memo/2.0.1/package/package.json written
17 silly publish { name: 'map-memo',
17 silly publish   version: '2.0.1',
17 silly publish   description: 'Generic memoization with Map and WeakMap',
17 silly publish   author: { name: 'Kevin Ennis' },
17 silly publish   scripts: { test: 'grunt' },
17 silly publish   main: 'lib/map-memo.js',
17 silly publish   repository: { type: 'git', url: 'https://github.com/kevincennis/map-memo' },
17 silly publish   bugs: { url: 'https://github.com/kevincennis/map-memo/issues' },
17 silly publish   keywords: [ 'memoize', 'map', 'weakmap', 'es6' ],
17 silly publish   license: 'MIT',
17 silly publish   engines: { node: '>= 4.0.0' },
17 silly publish   devDependencies:
17 silly publish    { 'eslint-config-starry': '2.0.0',
17 silly publish      'eslint-plugin-starry': '2.0.0',
17 silly publish      grunt: '1.0.1',
17 silly publish      'grunt-contrib-jshint': '1.0.0',
17 silly publish      'grunt-eslint': '18.1.0',
17 silly publish      'grunt-mocha-istanbul': '4.0.2',
17 silly publish      istanbul: '0.4.3',
17 silly publish      mocha: '2.5.3' },
17 silly publish   readme: 'map-memo\n===\n\n[![Built Status](https://codeship.com/projects/45348fb0-5c91-0133-11c0-5e493a25d753/status?branch=master)](https://codeship.com/projects/110961/)\n\nGeneric memoization using `Map` and `WeakMap`.\n\n---\n\n### What/Why?\n\nMemoization in JavaScript has typically been limited to arguments\nwith primitive values, or by utilizing hacks such as stringifying objects.\n\nBy storing arguments using a series of nested cache objects backed by `Map`\nand `WeakMap`, `map-memo` is able to memoize functions with *any*\nargument types.\n\n---\n\n### Example\n\n```js\n\'use strict\';\n\nconst memoize = require(\'map-memo\');\n\nfunction loop( fn, n ) {\n  let v;\n\n  for ( let i = 0; i < n; ++i ) {\n    v = fn( i );\n  }\n\n  return v;\n}\n\nlet mem = memoize( loop );\n\nconsole.log( mem( Math.sqrt, 1e9 ) ); // slow\nconsole.log( mem( Math.sqrt, 1e9 ) ); // fast!\n```\n',
17 silly publish   readmeFilename: 'README.md',
17 silly publish   gitHead: '80f492d3e0f8c7789640dbcf1c4f6f6522e4806c',
17 silly publish   homepage: 'https://github.com/kevincennis/map-memo',
17 silly publish   _id: 'map-memo@2.0.1',
17 silly publish   _shasum: 'baedbcd6d8f7ae69162913faabf81ce5d97c7baa',
17 silly publish   _from: '.' }
18 verbose getPublishConfig undefined
19 silly mapToRegistry name map-memo
20 silly mapToRegistry using default registry
21 silly mapToRegistry registry https://registry.npmjs.org/
22 silly mapToRegistry uri https://registry.npmjs.org/map-memo
23 verbose publish registryBase https://registry.npmjs.org/
24 silly publish uploading /Users/kennis/.npm/map-memo/2.0.1/package.tgz
25 verbose request uri https://registry.npmjs.org/map-memo
26 verbose request sending authorization for write operation
27 info attempt registry request try #1 at 7:33:33 PM
28 verbose request id 4dd8cf3fba42293d
29 http request PUT https://registry.npmjs.org/map-memo
30 http 403 https://registry.npmjs.org/map-memo
31 verbose headers { 'content-type': 'application/json',
31 verbose headers   'cache-control': 'max-age=300',
31 verbose headers   'content-length': '95',
31 verbose headers   'accept-ranges': 'bytes',
31 verbose headers   date: 'Thu, 26 May 2016 23:33:28 GMT',
31 verbose headers   via: '1.1 varnish',
31 verbose headers   connection: 'keep-alive',
31 verbose headers   'x-served-by': 'cache-jfk1050-JFK',
31 verbose headers   'x-cache': 'MISS',
31 verbose headers   'x-cache-hits': '0',
31 verbose headers   'x-timer': 'S1464305607.993098,VS0,VE954',
31 verbose headers   vary: 'Accept-Encoding' }
32 verbose request invalidating /Users/kennis/.npm/registry.npmjs.org/map-memo on PUT
33 error publish Failed PUT 403
34 verbose stack Error: "You cannot publish over the previously published version 2.0.1." : map-memo
34 verbose stack     at makeError (/usr/local/lib/node_modules/npm/node_modules/npm-registry-client/lib/request.js:264:12)
34 verbose stack     at CachingRegistryClient.<anonymous> (/usr/local/lib/node_modules/npm/node_modules/npm-registry-client/lib/request.js:252:14)
34 verbose stack     at Request._callback (/usr/local/lib/node_modules/npm/node_modules/npm-registry-client/lib/request.js:172:14)
34 verbose stack     at Request.self.callback (/usr/local/lib/node_modules/npm/node_modules/request/request.js:198:22)
34 verbose stack     at emitTwo (events.js:87:13)
34 verbose stack     at Request.emit (events.js:172:7)
34 verbose stack     at Request.<anonymous> (/usr/local/lib/node_modules/npm/node_modules/request/request.js:1063:14)
34 verbose stack     at emitOne (events.js:82:20)
34 verbose stack     at Request.emit (events.js:169:7)
34 verbose stack     at IncomingMessage.<anonymous> (/usr/local/lib/node_modules/npm/node_modules/request/request.js:1009:12)
35 verbose statusCode 403
36 verbose pkgid map-memo
37 verbose cwd /Users/kennis/Sites/map-memo
38 error Darwin 15.2.0
39 error argv "/usr/local/bin/node" "/usr/local/bin/npm" "publish"
40 error node v4.2.1
41 error npm  v2.14.7
42 error code E403
43 error "You cannot publish over the previously published version 2.0.1." : map-memo
44 error If you need help, you may report this error at:
44 error     <https://github.com/npm/npm/issues>
45 verbose exit [ 1, true ]
